<?xml version="1.0" encoding="UTF-8"?>
<!-- Generated by org.testng.reporters.JUnitXMLReporter -->
<testsuite hostname="DESKTOP-ONBI019" ignored="0" name="Test" tests="4" failures="0" timestamp="2020-10-10T23:15:20 PKT" time="0.078" errors="0">
  <testcase name="browerAutomation" time="0.011" classname="qualityassurance.Mavenjava.SeleniumTest"/>
  <testcase name="elementsUI" time="0.003" classname="qualityassurance.Mavenjava.SeleniumTest"/>
  <testcase name="iosApps" time="0.001" classname="qualityassurance.Mavenjava.AppiumTest"/>
  <testcase name="nativeAppsAndroid" time="0.002" classname="qualityassurance.Mavenjava.AppiumTest"/>
</testsuite> <!-- Test -->
