<?xml version="1.0" encoding="UTF-8"?>
<!-- Generated by org.testng.reporters.JUnitXMLReporter -->
<testsuite hostname="DESKTOP-ONBI019" ignored="0" name="Command line test" tests="6" failures="0" timestamp="2020-10-10T23:29:02 PKT" time="0.128" errors="0">
  <testcase name="deleteTwitter" time="0.012" classname="qualityassurance.Mavenjava.APITest"/>
  <testcase name="postJira" time="0.003" classname="qualityassurance.Mavenjava.APITest"/>
  <testcase name="iosApps" time="0.001" classname="qualityassurance.Mavenjava.AppiumTest"/>
  <testcase name="nativeAppsAndroid" time="0.0" classname="qualityassurance.Mavenjava.AppiumTest"/>
  <testcase name="browerAutomation" time="0.0" classname="qualityassurance.Mavenjava.SeleniumTest"/>
  <testcase name="elementsUI" time="0.0" classname="qualityassurance.Mavenjava.SeleniumTest"/>
</testsuite> <!-- Command line test -->
