<?xml version="1.0" encoding="UTF-8"?>
<!-- Generated by org.testng.reporters.JUnitXMLReporter -->
<testsuite hostname="DESKTOP-ONBI019" ignored="0" name="Test" tests="6" failures="0" timestamp="2020-10-10T23:29:51 PKT" time="0.076" errors="0">
  <testcase name="browerAutomation" time="0.01" classname="qualityassurance.Mavenjava.SeleniumTest"/>
  <testcase name="elementsUI" time="0.0" classname="qualityassurance.Mavenjava.SeleniumTest"/>
  <testcase name="iosApps" time="0.0" classname="qualityassurance.Mavenjava.AppiumTest"/>
  <testcase name="nativeAppsAndroid" time="0.001" classname="qualityassurance.Mavenjava.AppiumTest"/>
  <testcase name="deleteTwitter" time="0.001" classname="qualityassurance.Mavenjava.APITest"/>
  <testcase name="postJira" time="0.0" classname="qualityassurance.Mavenjava.APITest"/>
</testsuite> <!-- Test -->
