<?xml version="1.0" encoding="UTF-8"?>
<testng-results skipped="0" failed="0" ignored="0" total="6" passed="6">
  <reporter-output>
  </reporter-output>
  <suite name="Suite" duration-ms="76" started-at="2020-10-10T23:29:51 PKT" finished-at="2020-10-10T23:29:51 PKT">
    <groups>
    </groups>
    <test name="Test" duration-ms="76" started-at="2020-10-10T23:29:51 PKT" finished-at="2020-10-10T23:29:51 PKT">
      <class name="qualityassurance.Mavenjava.SeleniumTest">
        <test-method status="PASS" signature="browerAutomation()[pri:0, instance:qualityassurance.Mavenjava.SeleniumTest@4bec1f0c]" name="browerAutomation" duration-ms="10" started-at="2020-10-10T23:29:51 PKT" finished-at="2020-10-10T23:29:51 PKT">
          <reporter-output>
          </reporter-output>
        </test-method> <!-- browerAutomation -->
        <test-method status="PASS" signature="elementsUI()[pri:0, instance:qualityassurance.Mavenjava.SeleniumTest@4bec1f0c]" name="elementsUI" duration-ms="0" started-at="2020-10-10T23:29:51 PKT" finished-at="2020-10-10T23:29:51 PKT">
          <reporter-output>
          </reporter-output>
        </test-method> <!-- elementsUI -->
      </class> <!-- qualityassurance.Mavenjava.SeleniumTest -->
      <class name="qualityassurance.Mavenjava.AppiumTest">
        <test-method status="PASS" signature="iosApps()[pri:0, instance:qualityassurance.Mavenjava.AppiumTest@29ca901e]" name="iosApps" duration-ms="0" started-at="2020-10-10T23:29:51 PKT" finished-at="2020-10-10T23:29:51 PKT">
          <reporter-output>
          </reporter-output>
        </test-method> <!-- iosApps -->
        <test-method status="PASS" signature="nativeAppsAndroid()[pri:0, instance:qualityassurance.Mavenjava.AppiumTest@29ca901e]" name="nativeAppsAndroid" duration-ms="1" started-at="2020-10-10T23:29:51 PKT" finished-at="2020-10-10T23:29:51 PKT">
          <reporter-output>
          </reporter-output>
        </test-method> <!-- nativeAppsAndroid -->
      </class> <!-- qualityassurance.Mavenjava.AppiumTest -->
      <class name="qualityassurance.Mavenjava.APITest">
        <test-method status="PASS" signature="deleteTwitter()[pri:0, instance:qualityassurance.Mavenjava.APITest@5649fd9b]" name="deleteTwitter" duration-ms="1" started-at="2020-10-10T23:29:51 PKT" finished-at="2020-10-10T23:29:51 PKT">
          <reporter-output>
          </reporter-output>
        </test-method> <!-- deleteTwitter -->
        <test-method status="PASS" signature="postJira()[pri:0, instance:qualityassurance.Mavenjava.APITest@5649fd9b]" name="postJira" duration-ms="0" started-at="2020-10-10T23:29:51 PKT" finished-at="2020-10-10T23:29:51 PKT">
          <reporter-output>
          </reporter-output>
        </test-method> <!-- postJira -->
      </class> <!-- qualityassurance.Mavenjava.APITest -->
    </test> <!-- Test -->
  </suite> <!-- Suite -->
</testng-results>
