<?xml version="1.0" encoding="UTF-8"?>
<testng-results skipped="0" failed="0" ignored="0" total="4" passed="4">
  <reporter-output>
  </reporter-output>
  <suite name="Suite" duration-ms="78" started-at="2020-10-10T23:15:20 PKT" finished-at="2020-10-10T23:15:20 PKT">
    <groups>
    </groups>
    <test name="Test" duration-ms="78" started-at="2020-10-10T23:15:20 PKT" finished-at="2020-10-10T23:15:20 PKT">
      <class name="qualityassurance.Mavenjava.SeleniumTest">
        <test-method status="PASS" signature="browerAutomation()[pri:0, instance:qualityassurance.Mavenjava.SeleniumTest@4493d195]" name="browerAutomation" duration-ms="11" started-at="2020-10-10T23:15:20 PKT" finished-at="2020-10-10T23:15:20 PKT">
          <reporter-output>
          </reporter-output>
        </test-method> <!-- browerAutomation -->
        <test-method status="PASS" signature="elementsUI()[pri:0, instance:qualityassurance.Mavenjava.SeleniumTest@4493d195]" name="elementsUI" duration-ms="3" started-at="2020-10-10T23:15:20 PKT" finished-at="2020-10-10T23:15:20 PKT">
          <reporter-output>
          </reporter-output>
        </test-method> <!-- elementsUI -->
      </class> <!-- qualityassurance.Mavenjava.SeleniumTest -->
      <class name="qualityassurance.Mavenjava.AppiumTest">
        <test-method status="PASS" signature="iosApps()[pri:0, instance:qualityassurance.Mavenjava.AppiumTest@2781e022]" name="iosApps" duration-ms="1" started-at="2020-10-10T23:15:20 PKT" finished-at="2020-10-10T23:15:20 PKT">
          <reporter-output>
          </reporter-output>
        </test-method> <!-- iosApps -->
        <test-method status="PASS" signature="nativeAppsAndroid()[pri:0, instance:qualityassurance.Mavenjava.AppiumTest@2781e022]" name="nativeAppsAndroid" duration-ms="2" started-at="2020-10-10T23:15:20 PKT" finished-at="2020-10-10T23:15:20 PKT">
          <reporter-output>
          </reporter-output>
        </test-method> <!-- nativeAppsAndroid -->
      </class> <!-- qualityassurance.Mavenjava.AppiumTest -->
    </test> <!-- Test -->
  </suite> <!-- Suite -->
</testng-results>
